<?xml version="1.0" encoding="UTF-8"?>
<testsuite name="hello.hellospring.repository.MemoryMemberRepositoryTest" tests="1" skipped="0" failures="0" errors="0" timestamp="2023-12-02T15:57:02" hostname="DESKTOP-7TMMP6J" time="0.055">
  <properties/>
  <testcase name="save()" classname="hello.hellospring.repository.MemoryMemberRepositoryTest" time="0.055"/>
  <system-out><![CDATA[]]></system-out>
  <system-err><![CDATA[]]></system-err>
</testsuite>
